2021-12-29 10:52:41,246 INFO org.hibernate.validator.internal.util.Version [background-preinit] HV000001: Hibernate Validator 6.2.0.Final
2021-12-29 10:52:41,282 INFO org.springframework.boot.StartupInfoLogger [restartedMain] Starting RevtechApplication using Java 17.0.1 on jl12.fios-router.home with PID 89106 (/Users/jimad12/Desktop/jlProj3/project-3-back-end/target/classes started by jimad12 in /Users/jimad12/Desktop/jlProj3/project-3-back-end)
2021-12-29 10:52:41,284 INFO org.springframework.boot.SpringApplication [restartedMain] No active profile set, falling back to default profiles: default
2021-12-29 10:52:41,440 INFO org.springframework.boot.logging.DeferredLog [restartedMain] Devtools property defaults active! Set 'spring.devtools.add-properties' to 'false' to disable
2021-12-29 10:52:41,440 INFO org.springframework.boot.logging.DeferredLog [restartedMain] For additional web related logging consider setting the 'logging.level.web' property to 'DEBUG'
2021-12-29 10:52:43,330 INFO org.springframework.data.repository.config.RepositoryConfigurationDelegate [restartedMain] Bootstrapping Spring Data JPA repositories in DEFAULT mode.
2021-12-29 10:52:43,576 INFO org.springframework.data.repository.config.RepositoryConfigurationDelegate [restartedMain] Finished Spring Data repository scanning in 228 ms. Found 6 JPA repository interfaces.
2021-12-29 10:52:43,875 INFO org.springframework.cloud.context.scope.GenericScope [restartedMain] BeanFactory id=60a8f46a-375f-3244-b6e0-4501178c13ed
2021-12-29 10:52:44,870 INFO org.springframework.boot.web.embedded.tomcat.TomcatWebServer [restartedMain] Tomcat initialized with port(s): 7777 (http)
2021-12-29 10:52:44,881 INFO org.apache.juli.logging.DirectJDKLog [restartedMain] Initializing ProtocolHandler ["http-nio-7777"]
2021-12-29 10:52:44,882 INFO org.apache.juli.logging.DirectJDKLog [restartedMain] Starting service [Tomcat]
2021-12-29 10:52:44,882 INFO org.apache.juli.logging.DirectJDKLog [restartedMain] Starting Servlet engine: [Apache Tomcat/9.0.55]
2021-12-29 10:52:44,970 INFO org.apache.juli.logging.DirectJDKLog [restartedMain] Initializing Spring embedded WebApplicationContext
2021-12-29 10:52:44,971 INFO org.springframework.boot.web.servlet.context.ServletWebServerApplicationContext [restartedMain] Root WebApplicationContext: initialization completed in 3528 ms
2021-12-29 10:52:45,391 INFO com.zaxxer.hikari.HikariDataSource [restartedMain] HikariPool-1 - Starting...
2021-12-29 10:52:45,658 INFO com.zaxxer.hikari.HikariDataSource [restartedMain] HikariPool-1 - Start completed.
2021-12-29 10:52:45,673 INFO org.springframework.boot.autoconfigure.h2.H2ConsoleAutoConfiguration [restartedMain] H2 console available at '/h2-console'. Database available at 'jdbc:postgresql://localhost:5432/shopme'
2021-12-29 10:52:45,992 INFO org.hibernate.jpa.internal.util.LogHelper [restartedMain] HHH000204: Processing PersistenceUnitInfo [name: default]
2021-12-29 10:52:46,028 INFO org.hibernate.Version [restartedMain] HHH000412: Hibernate ORM core version 5.6.1.Final
2021-12-29 10:52:46,138 INFO org.hibernate.annotations.common.reflection.java.JavaReflectionManager [restartedMain] HCANN000001: Hibernate Commons Annotations {5.1.2.Final}
2021-12-29 10:52:46,216 INFO org.hibernate.dialect.Dialect [restartedMain] HHH000400: Using dialect: org.hibernate.dialect.PostgreSQL9Dialect
2021-12-29 10:52:47,325 INFO org.hibernate.engine.transaction.jta.platform.internal.JtaPlatformInitiator [restartedMain] HHH000490: Using JtaPlatform implementation: [org.hibernate.engine.transaction.jta.platform.internal.NoJtaPlatform]
2021-12-29 10:52:47,340 INFO org.springframework.orm.jpa.AbstractEntityManagerFactoryBean [restartedMain] Initialized JPA EntityManagerFactory for persistence unit 'default'
2021-12-29 10:52:48,516 WARN org.springframework.boot.autoconfigure.orm.jpa.JpaBaseConfiguration$JpaWebConfiguration [restartedMain] spring.jpa.open-in-view is enabled by default. Therefore, database queries may be performed during view rendering. Explicitly configure spring.jpa.open-in-view to disable this warning
2021-12-29 10:52:49,626 INFO org.springframework.boot.devtools.autoconfigure.OptionalLiveReloadServer [restartedMain] LiveReload server is running on port 35729
2021-12-29 10:52:49,640 INFO org.springframework.boot.actuate.endpoint.web.EndpointLinksResolver [restartedMain] Exposing 1 endpoint(s) beneath base path '/actuator'
2021-12-29 10:52:49,685 INFO org.apache.juli.logging.DirectJDKLog [restartedMain] Starting ProtocolHandler ["http-nio-7777"]
2021-12-29 10:52:49,706 INFO org.springframework.boot.web.embedded.tomcat.TomcatWebServer [restartedMain] Tomcat started on port(s): 7777 (http) with context path ''
2021-12-29 10:52:49,730 INFO org.springframework.boot.StartupInfoLogger [restartedMain] Started RevtechApplication in 9.091 seconds (JVM running for 10.336)
2021-12-29 10:55:28,795 INFO org.apache.juli.logging.DirectJDKLog [http-nio-7777-exec-1] Initializing Spring DispatcherServlet 'dispatcherServlet'
2021-12-29 10:55:28,799 INFO org.springframework.web.servlet.FrameworkServlet [http-nio-7777-exec-1] Initializing Servlet 'dispatcherServlet'
2021-12-29 10:55:28,810 INFO org.springframework.web.servlet.FrameworkServlet [http-nio-7777-exec-1] Completed initialization in 11 ms
